This is pdfTeX, Version 3.14159265-2.6-1.40.17 (MiKTeX 2.9) (preloaded format=pdflatex 2016.10.8)  3 SEP 2017 22:04
entering extended mode
**./tex2pdf.4292/input.tex
(tex2pdf.4292/input.tex
LaTeX2e <2016/03/31> patch level 3
Babel <3.9r> and hyphenation patterns for 75 language(s) loaded.
("C:\Program Files (x86)\MiKTeX 2.9\tex\latex\base\article.cls"
Document Class: article 2014/09/29 v1.4h Standard LaTeX document class
("C:\Program Files (x86)\MiKTeX 2.9\tex\latex\base\size10.clo"
File: size10.clo 2014/09/29 v1.4h Standard LaTeX file (size option)
)
\c@part=\count79
\c@section=\count80
\c@subsection=\count81
\c@subsubsection=\count82
\c@paragraph=\count83
\c@subparagraph=\count84
\c@figure=\count85
\c@table=\count86
\abovecaptionskip=\skip41
\belowcaptionskip=\skip42
\bibindent=\dimen102
)
("C:\Program Files (x86)\MiKTeX 2.9\tex\latex\lm\lmodern.sty"
Package: lmodern 2009/10/30 v1.6 Latin Modern Fonts
LaTeX Font Info:    Overwriting symbol font `operators' in version `normal'
(Font)                  OT1/cmr/m/n --> OT1/lmr/m/n on input line 22.
LaTeX Font Info:    Overwriting symbol font `letters' in version `normal'
(Font)                  OML/cmm/m/it --> OML/lmm/m/it on input line 23.
LaTeX Font Info:    Overwriting symbol font `symbols' in version `normal'
(Font)                  OMS/cmsy/m/n --> OMS/lmsy/m/n on input line 24.
LaTeX Font Info:    Overwriting symbol font `largesymbols' in version `normal'
(Font)                  OMX/cmex/m/n --> OMX/lmex/m/n on input line 25.
LaTeX Font Info:    Overwriting symbol font `operators' in version `bold'
(Font)                  OT1/cmr/bx/n --> OT1/lmr/bx/n on input line 26.
LaTeX Font Info:    Overwriting symbol font `letters' in version `bold'
(Font)                  OML/cmm/b/it --> OML/lmm/b/it on input line 27.
LaTeX Font Info:    Overwriting symbol font `symbols' in version `bold'
(Font)                  OMS/cmsy/b/n --> OMS/lmsy/b/n on input line 28.
LaTeX Font Info:    Overwriting symbol font `largesymbols' in version `bold'
(Font)                  OMX/cmex/m/n --> OMX/lmex/m/n on input line 29.
LaTeX Font Info:    Overwriting math alphabet `\mathbf' in version `normal'
(Font)                  OT1/cmr/bx/n --> OT1/lmr/bx/n on input line 31.
LaTeX Font Info:    Overwriting math alphabet `\mathsf' in version `normal'
(Font)                  OT1/cmss/m/n --> OT1/lmss/m/n on input line 32.
LaTeX Font Info:    Overwriting math alphabet `\mathit' in version `normal'
(Font)                  OT1/cmr/m/it --> OT1/lmr/m/it on input line 33.
LaTeX Font Info:    Overwriting math alphabet `\mathtt' in version `normal'
(Font)                  OT1/cmtt/m/n --> OT1/lmtt/m/n on input line 34.
LaTeX Font Info:    Overwriting math alphabet `\mathbf' in version `bold'
(Font)                  OT1/cmr/bx/n --> OT1/lmr/bx/n on input line 35.
LaTeX Font Info:    Overwriting math alphabet `\mathsf' in version `bold'
(Font)                  OT1/cmss/bx/n --> OT1/lmss/bx/n on input line 36.
LaTeX Font Info:    Overwriting math alphabet `\mathit' in version `bold'
(Font)                  OT1/cmr/bx/it --> OT1/lmr/bx/it on input line 37.
LaTeX Font Info:    Overwriting math alphabet `\mathtt' in version `bold'
(Font)                  OT1/cmtt/m/n --> OT1/lmtt/m/n on input line 38.
)
("C:\Program Files (x86)\MiKTeX 2.9\tex\latex\amsfonts\amssymb.sty"
Package: amssymb 2013/01/14 v3.01 AMS font symbols

("C:\Program Files (x86)\MiKTeX 2.9\tex\latex\amsfonts\amsfonts.sty"
Package: amsfonts 2013/01/14 v3.01 Basic AMSFonts support
\@emptytoks=\toks14
\symAMSa=\mathgroup4
\symAMSb=\mathgroup5
LaTeX Font Info:    Overwriting math alphabet `\mathfrak' in version `bold'
(Font)                  U/euf/m/n --> U/euf/b/n on input line 106.
))
("C:\Program Files (x86)\MiKTeX 2.9\tex\latex\amsmath\amsmath.sty"
Package: amsmath 2016/06/28 v2.15d AMS math features
\@mathmargin=\skip43

For additional information on amsmath, use the `?' option.
("C:\Program Files (x86)\MiKTeX 2.9\tex\latex\amsmath\amstext.sty"
Package: amstext 2000/06/29 v2.01 AMS text

("C:\Program Files (x86)\MiKTeX 2.9\tex\latex\amsmath\amsgen.sty"
File: amsgen.sty 1999/11/30 v2.0 generic functions
\@emptytoks=\toks15
\ex@=\dimen103
))
("C:\Program Files (x86)\MiKTeX 2.9\tex\latex\amsmath\amsbsy.sty"
Package: amsbsy 1999/11/29 v1.2d Bold Symbols
\pmbraise@=\dimen104
)
("C:\Program Files (x86)\MiKTeX 2.9\tex\latex\amsmath\amsopn.sty"
Package: amsopn 2016/03/08 v2.02 operator names
)
\inf@bad=\count87
LaTeX Info: Redefining \frac on input line 199.
\uproot@=\count88
\leftroot@=\count89
LaTeX Info: Redefining \overline on input line 297.
\classnum@=\count90
\DOTSCASE@=\count91
LaTeX Info: Redefining \ldots on input line 394.
LaTeX Info: Redefining \dots on input line 397.
LaTeX Info: Redefining \cdots on input line 518.
\Mathstrutbox@=\box26
\strutbox@=\box27
\big@size=\dimen105
LaTeX Font Info:    Redeclaring font encoding OML on input line 634.
LaTeX Font Info:    Redeclaring font encoding OMS on input line 635.
\macc@depth=\count92
\c@MaxMatrixCols=\count93
\dotsspace@=\muskip10
\c@parentequation=\count94
\dspbrk@lvl=\count95
\tag@help=\toks16
\row@=\count96
\column@=\count97
\maxfields@=\count98
\andhelp@=\toks17
\eqnshift@=\dimen106
\alignsep@=\dimen107
\tagshift@=\dimen108
\tagwidth@=\dimen109
\totwidth@=\dimen110
\lineht@=\dimen111
\@envbody=\toks18
\multlinegap=\skip44
\multlinetaggap=\skip45
\mathdisplay@stack=\toks19
LaTeX Info: Redefining \[ on input line 2739.
LaTeX Info: Redefining \] on input line 2740.
)
("C:\Program Files (x86)\MiKTeX 2.9\tex\generic\ifxetex\ifxetex.sty"
Package: ifxetex 2010/09/12 v0.6 Provides ifxetex conditional
)
("C:\Program Files (x86)\MiKTeX 2.9\tex\generic\oberdiek\ifluatex.sty"
Package: ifluatex 2016/05/16 v1.4 Provides the ifluatex switch (HO)
Package ifluatex Info: LuaTeX not detected.
)
("C:\Program Files (x86)\MiKTeX 2.9\tex\latex\base\fixltx2e.sty"
Package: fixltx2e 2015/06/22 v2.0b fixes to LaTeX (obsolete)


Package fixltx2e Warning: fixltx2e is not required with releases after 2015
(fixltx2e)                All fixes are now in the LaTeX kernel.
(fixltx2e)                See the latexrelease package for details.

) ("C:\Program Files (x86)\MiKTeX 2.9\tex\latex\base\fontenc.sty"
Package: fontenc 2016/06/19 v1.99m Standard LaTeX package

("C:\Program Files (x86)\MiKTeX 2.9\tex\latex\base\t1enc.def"
File: t1enc.def 2016/06/19 v1.99m Standard LaTeX file
LaTeX Font Info:    Redeclaring font encoding T1 on input line 48.
))
("C:\Program Files (x86)\MiKTeX 2.9\tex\latex\base\inputenc.sty"
Package: inputenc 2015/03/17 v1.2c Input encoding file
\inpenc@prehook=\toks20
\inpenc@posthook=\toks21

("C:\Program Files (x86)\MiKTeX 2.9\tex\latex\base\utf8.def"
File: utf8.def 2016/02/28 v1.1s UTF-8 support for inputenc
Now handling font encoding OML ...
... no UTF-8 mapping file for font encoding OML
Now handling font encoding T1 ...
... processing UTF-8 mapping file for font encoding T1

("C:\Program Files (x86)\MiKTeX 2.9\tex\latex\base\t1enc.dfu"
File: t1enc.dfu 2016/02/28 v1.1s UTF-8 support for inputenc
   defining Unicode char U+00A0 (decimal 160)
   defining Unicode char U+00A1 (decimal 161)
   defining Unicode char U+00A3 (decimal 163)
   defining Unicode char U+00AB (decimal 171)
   defining Unicode char U+00AD (decimal 173)
   defining Unicode char U+00BB (decimal 187)
   defining Unicode char U+00BF (decimal 191)
   defining Unicode char U+00C0 (decimal 192)
   defining Unicode char U+00C1 (decimal 193)
   defining Unicode char U+00C2 (decimal 194)
   defining Unicode char U+00C3 (decimal 195)
   defining Unicode char U+00C4 (decimal 196)
   defining Unicode char U+00C5 (decimal 197)
   defining Unicode char U+00C6 (decimal 198)
   defining Unicode char U+00C7 (decimal 199)
   defining Unicode char U+00C8 (decimal 200)
   defining Unicode char U+00C9 (decimal 201)
   defining Unicode char U+00CA (decimal 202)
   defining Unicode char U+00CB (decimal 203)
   defining Unicode char U+00CC (decimal 204)
   defining Unicode char U+00CD (decimal 205)
   defining Unicode char U+00CE (decimal 206)
   defining Unicode char U+00CF (decimal 207)
   defining Unicode char U+00D0 (decimal 208)
   defining Unicode char U+00D1 (decimal 209)
   defining Unicode char U+00D2 (decimal 210)
   defining Unicode char U+00D3 (decimal 211)
   defining Unicode char U+00D4 (decimal 212)
   defining Unicode char U+00D5 (decimal 213)
   defining Unicode char U+00D6 (decimal 214)
   defining Unicode char U+00D8 (decimal 216)
   defining Unicode char U+00D9 (decimal 217)
   defining Unicode char U+00DA (decimal 218)
   defining Unicode char U+00DB (decimal 219)
   defining Unicode char U+00DC (decimal 220)
   defining Unicode char U+00DD (decimal 221)
   defining Unicode char U+00DE (decimal 222)
   defining Unicode char U+00DF (decimal 223)
   defining Unicode char U+00E0 (decimal 224)
   defining Unicode char U+00E1 (decimal 225)
   defining Unicode char U+00E2 (decimal 226)
   defining Unicode char U+00E3 (decimal 227)
   defining Unicode char U+00E4 (decimal 228)
   defining Unicode char U+00E5 (decimal 229)
   defining Unicode char U+00E6 (decimal 230)
   defining Unicode char U+00E7 (decimal 231)
   defining Unicode char U+00E8 (decimal 232)
   defining Unicode char U+00E9 (decimal 233)
   defining Unicode char U+00EA (decimal 234)
   defining Unicode char U+00EB (decimal 235)
   defining Unicode char U+00EC (decimal 236)
   defining Unicode char U+00ED (decimal 237)
   defining Unicode char U+00EE (decimal 238)
   defining Unicode char U+00EF (decimal 239)
   defining Unicode char U+00F0 (decimal 240)
   defining Unicode char U+00F1 (decimal 241)
   defining Unicode char U+00F2 (decimal 242)
   defining Unicode char U+00F3 (decimal 243)
   defining Unicode char U+00F4 (decimal 244)
   defining Unicode char U+00F5 (decimal 245)
   defining Unicode char U+00F6 (decimal 246)
   defining Unicode char U+00F8 (decimal 248)
   defining Unicode char U+00F9 (decimal 249)
   defining Unicode char U+00FA (decimal 250)
   defining Unicode char U+00FB (decimal 251)
   defining Unicode char U+00FC (decimal 252)
   defining Unicode char U+00FD (decimal 253)
   defining Unicode char U+00FE (decimal 254)
   defining Unicode char U+00FF (decimal 255)
   defining Unicode char U+0100 (decimal 256)
   defining Unicode char U+0101 (decimal 257)
   defining Unicode char U+0102 (decimal 258)
   defining Unicode char U+0103 (decimal 259)
   defining Unicode char U+0104 (decimal 260)
   defining Unicode char U+0105 (decimal 261)
   defining Unicode char U+0106 (decimal 262)
   defining Unicode char U+0107 (decimal 263)
   defining Unicode char U+0108 (decimal 264)
   defining Unicode char U+0109 (decimal 265)
   defining Unicode char U+010A (decimal 266)
   defining Unicode char U+010B (decimal 267)
   defining Unicode char U+010C (decimal 268)
   defining Unicode char U+010D (decimal 269)
   defining Unicode char U+010E (decimal 270)
   defining Unicode char U+010F (decimal 271)
   defining Unicode char U+0110 (decimal 272)
   defining Unicode char U+0111 (decimal 273)
   defining Unicode char U+0112 (decimal 274)
   defining Unicode char U+0113 (decimal 275)
   defining Unicode char U+0114 (decimal 276)
   defining Unicode char U+0115 (decimal 277)
   defining Unicode char U+0116 (decimal 278)
   defining Unicode char U+0117 (decimal 279)
   defining Unicode char U+0118 (decimal 280)
   defining Unicode char U+0119 (decimal 281)
   defining Unicode char U+011A (decimal 282)
   defining Unicode char U+011B (decimal 283)
   defining Unicode char U+011C (decimal 284)
   defining Unicode char U+011D (decimal 285)
   defining Unicode char U+011E (decimal 286)
   defining Unicode char U+011F (decimal 287)
   defining Unicode char U+0120 (decimal 288)
   defining Unicode char U+0121 (decimal 289)
   defining Unicode char U+0122 (decimal 290)
   defining Unicode char U+0123 (decimal 291)
   defining Unicode char U+0124 (decimal 292)
   defining Unicode char U+0125 (decimal 293)
   defining Unicode char U+0128 (decimal 296)
   defining Unicode char U+0129 (decimal 297)
   defining Unicode char U+012A (decimal 298)
   defining Unicode char U+012B (decimal 299)
   defining Unicode char U+012C (decimal 300)
   defining Unicode char U+012D (decimal 301)
   defining Unicode char U+012E (decimal 302)
   defining Unicode char U+012F (decimal 303)
   defining Unicode char U+0130 (decimal 304)
   defining Unicode char U+0131 (decimal 305)
   defining Unicode char U+0132 (decimal 306)
   defining Unicode char U+0133 (decimal 307)
   defining Unicode char U+0134 (decimal 308)
   defining Unicode char U+0135 (decimal 309)
   defining Unicode char U+0136 (decimal 310)
   defining Unicode char U+0137 (decimal 311)
   defining Unicode char U+0139 (decimal 313)
   defining Unicode char U+013A (decimal 314)
   defining Unicode char U+013B (decimal 315)
   defining Unicode char U+013C (decimal 316)
   defining Unicode char U+013D (decimal 317)
   defining Unicode char U+013E (decimal 318)
   defining Unicode char U+0141 (decimal 321)
   defining Unicode char U+0142 (decimal 322)
   defining Unicode char U+0143 (decimal 323)
   defining Unicode char U+0144 (decimal 324)
   defining Unicode char U+0145 (decimal 325)
   defining Unicode char U+0146 (decimal 326)
   defining Unicode char U+0147 (decimal 327)
   defining Unicode char U+0148 (decimal 328)
   defining Unicode char U+014A (decimal 330)
   defining Unicode char U+014B (decimal 331)
   defining Unicode char U+014C (decimal 332)
   defining Unicode char U+014D (decimal 333)
   defining Unicode char U+014E (decimal 334)
   defining Unicode char U+014F (decimal 335)
   defining Unicode char U+0150 (decimal 336)
   defining Unicode char U+0151 (decimal 337)
   defining Unicode char U+0152 (decimal 338)
   defining Unicode char U+0153 (decimal 339)
   defining Unicode char U+0154 (decimal 340)
   defining Unicode char U+0155 (decimal 341)
   defining Unicode char U+0156 (decimal 342)
   defining Unicode char U+0157 (decimal 343)
   defining Unicode char U+0158 (decimal 344)
   defining Unicode char U+0159 (decimal 345)
   defining Unicode char U+015A (decimal 346)
   defining Unicode char U+015B (decimal 347)
   defining Unicode char U+015C (decimal 348)
   defining Unicode char U+015D (decimal 349)
   defining Unicode char U+015E (decimal 350)
   defining Unicode char U+015F (decimal 351)
   defining Unicode char U+0160 (decimal 352)
   defining Unicode char U+0161 (decimal 353)
   defining Unicode char U+0162 (decimal 354)
   defining Unicode char U+0163 (decimal 355)
   defining Unicode char U+0164 (decimal 356)
   defining Unicode char U+0165 (decimal 357)
   defining Unicode char U+0168 (decimal 360)
   defining Unicode char U+0169 (decimal 361)
   defining Unicode char U+016A (decimal 362)
   defining Unicode char U+016B (decimal 363)
   defining Unicode char U+016C (decimal 364)
   defining Unicode char U+016D (decimal 365)
   defining Unicode char U+016E (decimal 366)
   defining Unicode char U+016F (decimal 367)
   defining Unicode char U+0170 (decimal 368)
   defining Unicode char U+0171 (decimal 369)
   defining Unicode char U+0172 (decimal 370)
   defining Unicode char U+0173 (decimal 371)
   defining Unicode char U+0174 (decimal 372)
   defining Unicode char U+0175 (decimal 373)
   defining Unicode char U+0176 (decimal 374)
   defining Unicode char U+0177 (decimal 375)
   defining Unicode char U+0178 (decimal 376)
   defining Unicode char U+0179 (decimal 377)
   defining Unicode char U+017A (decimal 378)
   defining Unicode char U+017B (decimal 379)
   defining Unicode char U+017C (decimal 380)
   defining Unicode char U+017D (decimal 381)
   defining Unicode char U+017E (decimal 382)
   defining Unicode char U+01CD (decimal 461)
   defining Unicode char U+01CE (decimal 462)
   defining Unicode char U+01CF (decimal 463)
   defining Unicode char U+01D0 (decimal 464)
   defining Unicode char U+01D1 (decimal 465)
   defining Unicode char U+01D2 (decimal 466)
   defining Unicode char U+01D3 (decimal 467)
   defining Unicode char U+01D4 (decimal 468)
   defining Unicode char U+01E2 (decimal 482)
   defining Unicode char U+01E3 (decimal 483)
   defining Unicode char U+01E6 (decimal 486)
   defining Unicode char U+01E7 (decimal 487)
   defining Unicode char U+01E8 (decimal 488)
   defining Unicode char U+01E9 (decimal 489)
   defining Unicode char U+01EA (decimal 490)
   defining Unicode char U+01EB (decimal 491)
   defining Unicode char U+01F0 (decimal 496)
   defining Unicode char U+01F4 (decimal 500)
   defining Unicode char U+01F5 (decimal 501)
   defining Unicode char U+0218 (decimal 536)
   defining Unicode char U+0219 (decimal 537)
   defining Unicode char U+021A (decimal 538)
   defining Unicode char U+021B (decimal 539)
   defining Unicode char U+1E02 (decimal 7682)
   defining Unicode char U+1E03 (decimal 7683)
   defining Unicode char U+200C (decimal 8204)
   defining Unicode char U+2010 (decimal 8208)
   defining Unicode char U+2011 (decimal 8209)
   defining Unicode char U+2012 (decimal 8210)
   defining Unicode char U+2013 (decimal 8211)
   defining Unicode char U+2014 (decimal 8212)
   defining Unicode char U+2015 (decimal 8213)
   defining Unicode char U+2018 (decimal 8216)
   defining Unicode char U+2019 (decimal 8217)
   defining Unicode char U+201A (decimal 8218)
   defining Unicode char U+201C (decimal 8220)
   defining Unicode char U+201D (decimal 8221)
   defining Unicode char U+201E (decimal 8222)
   defining Unicode char U+2030 (decimal 8240)
   defining Unicode char U+2031 (decimal 8241)
   defining Unicode char U+2039 (decimal 8249)
   defining Unicode char U+203A (decimal 8250)
   defining Unicode char U+2423 (decimal 9251)
)
Now handling font encoding OT1 ...
... processing UTF-8 mapping file for font encoding OT1

("C:\Program Files (x86)\MiKTeX 2.9\tex\latex\base\ot1enc.dfu"
File: ot1enc.dfu 2016/02/28 v1.1s UTF-8 support for inputenc
   defining Unicode char U+00A0 (decimal 160)
   defining Unicode char U+00A1 (decimal 161)
   defining Unicode char U+00A3 (decimal 163)
   defining Unicode char U+00AD (decimal 173)
   defining Unicode char U+00B8 (decimal 184)
   defining Unicode char U+00BF (decimal 191)
   defining Unicode char U+00C5 (decimal 197)
   defining Unicode char U+00C6 (decimal 198)
   defining Unicode char U+00D8 (decimal 216)
   defining Unicode char U+00DF (decimal 223)
   defining Unicode char U+00E6 (decimal 230)
   defining Unicode char U+00EC (decimal 236)
   defining Unicode char U+00ED (decimal 237)
   defining Unicode char U+00EE (decimal 238)
   defining Unicode char U+00EF (decimal 239)
   defining Unicode char U+00F8 (decimal 248)
   defining Unicode char U+0131 (decimal 305)
   defining Unicode char U+0141 (decimal 321)
   defining Unicode char U+0142 (decimal 322)
   defining Unicode char U+0152 (decimal 338)
   defining Unicode char U+0153 (decimal 339)
   defining Unicode char U+0174 (decimal 372)
   defining Unicode char U+0175 (decimal 373)
   defining Unicode char U+0176 (decimal 374)
   defining Unicode char U+0177 (decimal 375)
   defining Unicode char U+0218 (decimal 536)
   defining Unicode char U+0219 (decimal 537)
   defining Unicode char U+021A (decimal 538)
   defining Unicode char U+021B (decimal 539)
   defining Unicode char U+2013 (decimal 8211)
   defining Unicode char U+2014 (decimal 8212)
   defining Unicode char U+2018 (decimal 8216)
   defining Unicode char U+2019 (decimal 8217)
   defining Unicode char U+201C (decimal 8220)
   defining Unicode char U+201D (decimal 8221)
)
Now handling font encoding OMS ...
... processing UTF-8 mapping file for font encoding OMS

("C:\Program Files (x86)\MiKTeX 2.9\tex\latex\base\omsenc.dfu"
File: omsenc.dfu 2016/02/28 v1.1s UTF-8 support for inputenc
   defining Unicode char U+00A7 (decimal 167)
   defining Unicode char U+00B6 (decimal 182)
   defining Unicode char U+00B7 (decimal 183)
   defining Unicode char U+2020 (decimal 8224)
   defining Unicode char U+2021 (decimal 8225)
   defining Unicode char U+2022 (decimal 8226)
)
Now handling font encoding OMX ...
... no UTF-8 mapping file for font encoding OMX
Now handling font encoding U ...
... no UTF-8 mapping file for font encoding U
   defining Unicode char U+00A9 (decimal 169)
   defining Unicode char U+00AA (decimal 170)
   defining Unicode char U+00AE (decimal 174)
   defining Unicode char U+00BA (decimal 186)
   defining Unicode char U+02C6 (decimal 710)
   defining Unicode char U+02DC (decimal 732)
   defining Unicode char U+200C (decimal 8204)
   defining Unicode char U+2026 (decimal 8230)
   defining Unicode char U+2122 (decimal 8482)
   defining Unicode char U+2423 (decimal 9251)
))
("C:\Program Files (x86)\MiKTeX 2.9\tex\latex\eurosym\eurosym.sty"
Package: eurosym 1998/08/06 v1.1 European currency symbol ``Euro''
\@eurobox=\box28
)
("C:\Program Files (x86)\MiKTeX 2.9\tex\latex\upquote\upquote.sty"
Package: upquote 2012/04/19 v1.3 upright-quote and grave-accent glyphs in verba
tim

("C:\Program Files (x86)\MiKTeX 2.9\tex\latex\base\textcomp.sty"
Package: textcomp 2016/06/19 v1.99m Standard LaTeX package
Package textcomp Info: Sub-encoding information:
(textcomp)               5 = only ISO-Adobe without \textcurrency
(textcomp)               4 = 5 + \texteuro
(textcomp)               3 = 4 + \textohm
(textcomp)               2 = 3 + \textestimated + \textcurrency
(textcomp)               1 = TS1 - \textcircled - \t
(textcomp)               0 = TS1 (full)
(textcomp)             Font families with sub-encoding setting implement
(textcomp)             only a restricted character set as indicated.
(textcomp)             Family '?' is the default used for unknown fonts.
(textcomp)             See the documentation for details.
Package textcomp Info: Setting ? sub-encoding to TS1/1 on input line 79.

("C:\Program Files (x86)\MiKTeX 2.9\tex\latex\base\ts1enc.def"
File: ts1enc.def 2001/06/05 v3.0e (jk/car/fm) Standard LaTeX file
Now handling font encoding TS1 ...
... processing UTF-8 mapping file for font encoding TS1

("C:\Program Files (x86)\MiKTeX 2.9\tex\latex\base\ts1enc.dfu"
File: ts1enc.dfu 2016/02/28 v1.1s UTF-8 support for inputenc
   defining Unicode char U+00A2 (decimal 162)
   defining Unicode char U+00A3 (decimal 163)
   defining Unicode char U+00A4 (decimal 164)
   defining Unicode char U+00A5 (decimal 165)
   defining Unicode char U+00A6 (decimal 166)
   defining Unicode char U+00A7 (decimal 167)
   defining Unicode char U+00A8 (decimal 168)
   defining Unicode char U+00A9 (decimal 169)
   defining Unicode char U+00AA (decimal 170)
   defining Unicode char U+00AC (decimal 172)
   defining Unicode char U+00AE (decimal 174)
   defining Unicode char U+00AF (decimal 175)
   defining Unicode char U+00B0 (decimal 176)
   defining Unicode char U+00B1 (decimal 177)
   defining Unicode char U+00B2 (decimal 178)
   defining Unicode char U+00B3 (decimal 179)
   defining Unicode char U+00B4 (decimal 180)
   defining Unicode char U+00B5 (decimal 181)
   defining Unicode char U+00B6 (decimal 182)
   defining Unicode char U+00B7 (decimal 183)
   defining Unicode char U+00B9 (decimal 185)
   defining Unicode char U+00BA (decimal 186)
   defining Unicode char U+00BC (decimal 188)
   defining Unicode char U+00BD (decimal 189)
   defining Unicode char U+00BE (decimal 190)
   defining Unicode char U+00D7 (decimal 215)
   defining Unicode char U+00F7 (decimal 247)
   defining Unicode char U+0192 (decimal 402)
   defining Unicode char U+02C7 (decimal 711)
   defining Unicode char U+02D8 (decimal 728)
   defining Unicode char U+02DD (decimal 733)
   defining Unicode char U+0E3F (decimal 3647)
   defining Unicode char U+2016 (decimal 8214)
   defining Unicode char U+2020 (decimal 8224)
   defining Unicode char U+2021 (decimal 8225)
   defining Unicode char U+2022 (decimal 8226)
   defining Unicode char U+2030 (decimal 8240)
   defining Unicode char U+2031 (decimal 8241)
   defining Unicode char U+203B (decimal 8251)
   defining Unicode char U+203D (decimal 8253)
   defining Unicode char U+2044 (decimal 8260)
   defining Unicode char U+204E (decimal 8270)
   defining Unicode char U+2052 (decimal 8274)
   defining Unicode char U+20A1 (decimal 8353)
   defining Unicode char U+20A4 (decimal 8356)
   defining Unicode char U+20A6 (decimal 8358)
   defining Unicode char U+20A9 (decimal 8361)
   defining Unicode char U+20AB (decimal 8363)
   defining Unicode char U+20AC (decimal 8364)
   defining Unicode char U+20B1 (decimal 8369)
   defining Unicode char U+2103 (decimal 8451)
   defining Unicode char U+2116 (decimal 8470)
   defining Unicode char U+2117 (decimal 8471)
   defining Unicode char U+211E (decimal 8478)
   defining Unicode char U+2120 (decimal 8480)
   defining Unicode char U+2122 (decimal 8482)
   defining Unicode char U+2126 (decimal 8486)
   defining Unicode char U+2127 (decimal 8487)
   defining Unicode char U+212E (decimal 8494)
   defining Unicode char U+2190 (decimal 8592)
   defining Unicode char U+2191 (decimal 8593)
   defining Unicode char U+2192 (decimal 8594)
   defining Unicode char U+2193 (decimal 8595)
   defining Unicode char U+2329 (decimal 9001)
   defining Unicode char U+232A (decimal 9002)
   defining Unicode char U+2422 (decimal 9250)
   defining Unicode char U+25E6 (decimal 9702)
   defining Unicode char U+25EF (decimal 9711)
   defining Unicode char U+266A (decimal 9834)
))
LaTeX Info: Redefining \oldstylenums on input line 334.
Package textcomp Info: Setting cmr sub-encoding to TS1/0 on input line 349.
Package textcomp Info: Setting cmss sub-encoding to TS1/0 on input line 350.
Package textcomp Info: Setting cmtt sub-encoding to TS1/0 on input line 351.
Package textcomp Info: Setting cmvtt sub-encoding to TS1/0 on input line 352.
Package textcomp Info: Setting cmbr sub-encoding to TS1/0 on input line 353.
Package textcomp Info: Setting cmtl sub-encoding to TS1/0 on input line 354.
Package textcomp Info: Setting ccr sub-encoding to TS1/0 on input line 355.
Package textcomp Info: Setting ptm sub-encoding to TS1/4 on input line 356.
Package textcomp Info: Setting pcr sub-encoding to TS1/4 on input line 357.
Package textcomp Info: Setting phv sub-encoding to TS1/4 on input line 358.
Package textcomp Info: Setting ppl sub-encoding to TS1/3 on input line 359.
Package textcomp Info: Setting pag sub-encoding to TS1/4 on input line 360.
Package textcomp Info: Setting pbk sub-encoding to TS1/4 on input line 361.
Package textcomp Info: Setting pnc sub-encoding to TS1/4 on input line 362.
Package textcomp Info: Setting pzc sub-encoding to TS1/4 on input line 363.
Package textcomp Info: Setting bch sub-encoding to TS1/4 on input line 364.
Package textcomp Info: Setting put sub-encoding to TS1/5 on input line 365.
Package textcomp Info: Setting uag sub-encoding to TS1/5 on input line 366.
Package textcomp Info: Setting ugq sub-encoding to TS1/5 on input line 367.
Package textcomp Info: Setting ul8 sub-encoding to TS1/4 on input line 368.
Package textcomp Info: Setting ul9 sub-encoding to TS1/4 on input line 369.
Package textcomp Info: Setting augie sub-encoding to TS1/5 on input line 370.
Package textcomp Info: Setting dayrom sub-encoding to TS1/3 on input line 371.
Package textcomp Info: Setting dayroms sub-encoding to TS1/3 on input line 372.

Package textcomp Info: Setting pxr sub-encoding to TS1/0 on input line 373.
Package textcomp Info: Setting pxss sub-encoding to TS1/0 on input line 374.
Package textcomp Info: Setting pxtt sub-encoding to TS1/0 on input line 375.
Package textcomp Info: Setting txr sub-encoding to TS1/0 on input line 376.
Package textcomp Info: Setting txss sub-encoding to TS1/0 on input line 377.
Package textcomp Info: Setting txtt sub-encoding to TS1/0 on input line 378.
Package textcomp Info: Setting lmr sub-encoding to TS1/0 on input line 379.
Package textcomp Info: Setting lmdh sub-encoding to TS1/0 on input line 380.
Package textcomp Info: Setting lmss sub-encoding to TS1/0 on input line 381.
Package textcomp Info: Setting lmssq sub-encoding to TS1/0 on input line 382.
Package textcomp Info: Setting lmvtt sub-encoding to TS1/0 on input line 383.
Package textcomp Info: Setting lmtt sub-encoding to TS1/0 on input line 384.
Package textcomp Info: Setting qhv sub-encoding to TS1/0 on input line 385.
Package textcomp Info: Setting qag sub-encoding to TS1/0 on input line 386.
Package textcomp Info: Setting qbk sub-encoding to TS1/0 on input line 387.
Package textcomp Info: Setting qcr sub-encoding to TS1/0 on input line 388.
Package textcomp Info: Setting qcs sub-encoding to TS1/0 on input line 389.
Package textcomp Info: Setting qpl sub-encoding to TS1/0 on input line 390.
Package textcomp Info: Setting qtm sub-encoding to TS1/0 on input line 391.
Package textcomp Info: Setting qzc sub-encoding to TS1/0 on input line 392.
Package textcomp Info: Setting qhvc sub-encoding to TS1/0 on input line 393.
Package textcomp Info: Setting futs sub-encoding to TS1/4 on input line 394.
Package textcomp Info: Setting futx sub-encoding to TS1/4 on input line 395.
Package textcomp Info: Setting futj sub-encoding to TS1/4 on input line 396.
Package textcomp Info: Setting hlh sub-encoding to TS1/3 on input line 397.
Package textcomp Info: Setting hls sub-encoding to TS1/3 on input line 398.
Package textcomp Info: Setting hlst sub-encoding to TS1/3 on input line 399.
Package textcomp Info: Setting hlct sub-encoding to TS1/5 on input line 400.
Package textcomp Info: Setting hlx sub-encoding to TS1/5 on input line 401.
Package textcomp Info: Setting hlce sub-encoding to TS1/5 on input line 402.
Package textcomp Info: Setting hlcn sub-encoding to TS1/5 on input line 403.
Package textcomp Info: Setting hlcw sub-encoding to TS1/5 on input line 404.
Package textcomp Info: Setting hlcf sub-encoding to TS1/5 on input line 405.
Package textcomp Info: Setting pplx sub-encoding to TS1/3 on input line 406.
Package textcomp Info: Setting pplj sub-encoding to TS1/3 on input line 407.
Package textcomp Info: Setting ptmx sub-encoding to TS1/4 on input line 408.
Package textcomp Info: Setting ptmj sub-encoding to TS1/4 on input line 409.
))
("C:\Program Files (x86)\MiKTeX 2.9\tex\latex\microtype\microtype.sty"
Package: microtype 2016/05/14 v2.6a Micro-typographical refinements (RS)

("C:\Program Files (x86)\MiKTeX 2.9\tex\latex\graphics\keyval.sty"
Package: keyval 2014/10/28 v1.15 key=value parser (DPC)
\KV@toks@=\toks22
)
\MT@toks=\toks23
\MT@count=\count99
LaTeX Info: Redefining \textls on input line 774.
\MT@outer@kern=\dimen112
LaTeX Info: Redefining \textmicrotypecontext on input line 1310.
\MT@listname@count=\count100

("C:\Program Files (x86)\MiKTeX 2.9\tex\latex\microtype\microtype-pdftex.def"
File: microtype-pdftex.def 2016/05/14 v2.6a Definitions specific to pdftex (RS)

LaTeX Info: Redefining \lsstyle on input line 916.
LaTeX Info: Redefining \lslig on input line 916.
\MT@outer@space=\skip46
)
Package microtype Info: Loading configuration file microtype.cfg.

("C:\Program Files (x86)\MiKTeX 2.9\tex\latex\microtype\microtype.cfg"
File: microtype.cfg 2016/05/14 v2.6a microtype main configuration file (RS)
))
("C:\Program Files (x86)\MiKTeX 2.9\tex\latex\geometry\geometry.sty"
Package: geometry 2010/09/12 v5.6 Page Geometry

("C:\Program Files (x86)\MiKTeX 2.9\tex\generic\oberdiek\ifpdf.sty"
Package: ifpdf 2016/05/14 v3.1 Provides the ifpdf switch
)
("C:\Program Files (x86)\MiKTeX 2.9\tex\generic\oberdiek\ifvtex.sty"
Package: ifvtex 2016/05/16 v1.6 Detect VTeX and its facilities (HO)
Package ifvtex Info: VTeX not detected.
)
\Gm@cnth=\count101
\Gm@cntv=\count102
\c@Gm@tempcnt=\count103
\Gm@bindingoffset=\dimen113
\Gm@wd@mp=\dimen114
\Gm@odd@mp=\dimen115
\Gm@even@mp=\dimen116
\Gm@layoutwidth=\dimen117
\Gm@layoutheight=\dimen118
\Gm@layouthoffset=\dimen119
\Gm@layoutvoffset=\dimen120
\Gm@dimlist=\toks24

("C:\Program Files (x86)\MiKTeX 2.9\tex\latex\geometry\geometry.cfg"))
("C:\Program Files (x86)\MiKTeX 2.9\tex\latex\hyperref\hyperref.sty"
Package: hyperref 2016/06/24 v6.83q Hypertext links for LaTeX

("C:\Program Files (x86)\MiKTeX 2.9\tex\generic\oberdiek\hobsub-hyperref.sty"
Package: hobsub-hyperref 2016/05/16 v1.14 Bundle oberdiek, subset hyperref (HO)


("C:\Program Files (x86)\MiKTeX 2.9\tex\generic\oberdiek\hobsub-generic.sty"
Package: hobsub-generic 2016/05/16 v1.14 Bundle oberdiek, subset generic (HO)
Package: hobsub 2016/05/16 v1.14 Construct package bundles (HO)
Package: infwarerr 2016/05/16 v1.4 Providing info/warning/error messages (HO)
Package: ltxcmds 2016/05/16 v1.23 LaTeX kernel commands for general use (HO)
Package hobsub Info: Skipping package `ifluatex' (already loaded).
Package hobsub Info: Skipping package `ifvtex' (already loaded).
Package: intcalc 2016/05/16 v1.2 Expandable calculations with integers (HO)
Package hobsub Info: Skipping package `ifpdf' (already loaded).
Package: etexcmds 2016/05/16 v1.6 Avoid name clashes with e-TeX commands (HO)
Package etexcmds Info: Could not find \expanded.
(etexcmds)             That can mean that you are not using pdfTeX 1.50 or
(etexcmds)             that some package has redefined \expanded.
(etexcmds)             In the latter case, load this package earlier.
Package: kvsetkeys 2016/05/16 v1.17 Key value parser (HO)
Package: kvdefinekeys 2016/05/16 v1.4 Define keys (HO)
Package: pdftexcmds 2016/05/21 v0.22 Utility functions of pdfTeX for LuaTeX (HO
)
Package pdftexcmds Info: LuaTeX not detected.
Package pdftexcmds Info: \pdf@primitive is available.
Package pdftexcmds Info: \pdf@ifprimitive is available.
Package pdftexcmds Info: \pdfdraftmode found.
Package: pdfescape 2016/05/16 v1.14 Implements pdfTeX's escape features (HO)
Package: bigintcalc 2016/05/16 v1.4 Expandable calculations on big integers (HO
)
Package: bitset 2016/05/16 v1.2 Handle bit-vector datatype (HO)
Package: uniquecounter 2016/05/16 v1.3 Provide unlimited unique counter (HO)
)
Package hobsub Info: Skipping package `hobsub' (already loaded).
Package: letltxmacro 2016/05/16 v1.5 Let assignment for LaTeX macros (HO)
Package: hopatch 2016/05/16 v1.3 Wrapper for package hooks (HO)
Package: xcolor-patch 2016/05/16 xcolor patch
Package: atveryend 2016/05/16 v1.9 Hooks at the very end of document (HO)
Package atveryend Info: \enddocument detected (standard20110627).
Package: atbegshi 2016/06/09 v1.18 At begin shipout hook (HO)
Package: refcount 2016/05/16 v3.5 Data extraction from label references (HO)
Package: hycolor 2016/05/16 v1.8 Color options for hyperref/bookmark (HO)
)
("C:\Program Files (x86)\MiKTeX 2.9\tex\latex\oberdiek\auxhook.sty"
Package: auxhook 2016/05/16 v1.4 Hooks for auxiliary files (HO)
)
("C:\Program Files (x86)\MiKTeX 2.9\tex\latex\oberdiek\kvoptions.sty"
Package: kvoptions 2016/05/16 v3.12 Key value format for package options (HO)
)
\@linkdim=\dimen121
\Hy@linkcounter=\count104
\Hy@pagecounter=\count105

("C:\Program Files (x86)\MiKTeX 2.9\tex\latex\hyperref\pd1enc.def"
File: pd1enc.def 2016/06/24 v6.83q Hyperref: PDFDocEncoding definition (HO)
Now handling font encoding PD1 ...
... no UTF-8 mapping file for font encoding PD1
)
\Hy@SavedSpaceFactor=\count106

("C:\Program Files (x86)\MiKTeX 2.9\tex\latex\00miktex\hyperref.cfg"
File: hyperref.cfg 2002/06/06 v1.2 hyperref configuration of TeXLive
)
Package hyperref Info: Hyper figures OFF on input line 4486.
Package hyperref Info: Link nesting OFF on input line 4491.
Package hyperref Info: Hyper index ON on input line 4494.
Package hyperref Info: Plain pages OFF on input line 4501.
Package hyperref Info: Backreferencing OFF on input line 4506.
Package hyperref Info: Implicit mode ON; LaTeX internals redefined.
Package hyperref Info: Bookmarks ON on input line 4735.
\c@Hy@tempcnt=\count107

("C:\Program Files (x86)\MiKTeX 2.9\tex\latex\url\url.sty"
\Urlmuskip=\muskip11
Package: url 2013/09/16  ver 3.4  Verb mode for urls, etc.
)
LaTeX Info: Redefining \url on input line 5088.
\XeTeXLinkMargin=\dimen122
\Fld@menulength=\count108
\Field@Width=\dimen123
\Fld@charsize=\dimen124
Package hyperref Info: Hyper figures OFF on input line 6342.
Package hyperref Info: Link nesting OFF on input line 6347.
Package hyperref Info: Hyper index ON on input line 6350.
Package hyperref Info: backreferencing OFF on input line 6357.
Package hyperref Info: Link coloring OFF on input line 6362.
Package hyperref Info: Link coloring with OCG OFF on input line 6367.
Package hyperref Info: PDF/A mode OFF on input line 6372.
LaTeX Info: Redefining \ref on input line 6412.
LaTeX Info: Redefining \pageref on input line 6416.
\Hy@abspage=\count109
\c@Item=\count110
\c@Hfootnote=\count111
)

Package hyperref Message: Driver (autodetected): hpdftex.

("C:\Program Files (x86)\MiKTeX 2.9\tex\latex\hyperref\hpdftex.def"
File: hpdftex.def 2016/06/24 v6.83q Hyperref driver for pdfTeX
\Fld@listcount=\count112
\c@bookmark@seq@number=\count113

("C:\Program Files (x86)\MiKTeX 2.9\tex\latex\oberdiek\rerunfilecheck.sty"
Package: rerunfilecheck 2016/05/16 v1.8 Rerun checks for auxiliary files (HO)
Package uniquecounter Info: New unique counter `rerunfilecheck' on input line 2
82.
)
\Hy@SectionHShift=\skip47
)
Package hyperref Info: Option `unicode' set `true' on input line 31.

("C:\Program Files (x86)\MiKTeX 2.9\tex\latex\hyperref\puenc.def"
File: puenc.def 2016/06/24 v6.83q Hyperref: PDF Unicode definition (HO)
Now handling font encoding PU ...
... no UTF-8 mapping file for font encoding PU
)
Package hyperref Info: Option `breaklinks' set `true' on input line 31.

("C:\Program Files (x86)\MiKTeX 2.9\tex\latex\graphics\graphicx.sty"
Package: graphicx 2014/10/28 v1.0g Enhanced LaTeX Graphics (DPC,SPQR)

("C:\Program Files (x86)\MiKTeX 2.9\tex\latex\graphics\graphics.sty"
Package: graphics 2016/07/10 v1.0t Standard LaTeX Graphics (DPC,SPQR)

("C:\Program Files (x86)\MiKTeX 2.9\tex\latex\graphics\trig.sty"
Package: trig 2016/01/03 v1.10 sin cos tan (DPC)
)
("C:\Program Files (x86)\MiKTeX 2.9\tex\latex\00miktex\graphics.cfg"
File: graphics.cfg 2016/06/04 v1.11 sample graphics configuration
)
Package graphics Info: Driver file: pdftex.def on input line 99.

("C:\Program Files (x86)\MiKTeX 2.9\tex\latex\graphics-def\pdftex.def"
File: pdftex.def 2016/07/10 v0.06j Graphics/color for pdfTeX
\Gread@gobject=\count114
))
\Gin@req@height=\dimen125
\Gin@req@width=\dimen126
)
("C:\Program Files (x86)\MiKTeX 2.9\tex\latex\oberdiek\grffile.sty"
Package: grffile 2016/05/16 v1.17 Extended file name support for graphics (HO)
Package grffile Info: Option `multidot' is set to `true'.
Package grffile Info: Option `extendedchars' is set to `false'.
Package grffile Info: Option `space' is set to `true'.
Package grffile Info: \Gin@ii of package `graphicx' fixed on input line 486.
)
("C:\Program Files (x86)\MiKTeX 2.9\tex\latex\ltxmisc\parskip.sty"
Package: parskip 2001/04/09 non-zero parskip adjustments
)
("C:\Program Files (x86)\MiKTeX 2.9\tex\latex\titling\titling.sty"
Package: titling 2009/09/04 v2.1d maketitle typesetting
\thanksmarkwidth=\skip48
\thanksmargin=\skip49
\droptitle=\skip50
)
No file input.aux.
\openout1 = `input.aux'.

LaTeX Font Info:    Checking defaults for OML/cmm/m/it on input line 86.
LaTeX Font Info:    ... okay on input line 86.
LaTeX Font Info:    Checking defaults for T1/cmr/m/n on input line 86.
LaTeX Font Info:    ... okay on input line 86.
LaTeX Font Info:    Checking defaults for OT1/cmr/m/n on input line 86.
LaTeX Font Info:    ... okay on input line 86.
LaTeX Font Info:    Checking defaults for OMS/cmsy/m/n on input line 86.
LaTeX Font Info:    ... okay on input line 86.
LaTeX Font Info:    Checking defaults for OMX/cmex/m/n on input line 86.
LaTeX Font Info:    ... okay on input line 86.
LaTeX Font Info:    Checking defaults for U/cmr/m/n on input line 86.
LaTeX Font Info:    ... okay on input line 86.
LaTeX Font Info:    Checking defaults for TS1/cmr/m/n on input line 86.
LaTeX Font Info:    Try loading font information for TS1+cmr on input line 86.
("C:\Program Files (x86)\MiKTeX 2.9\tex\latex\base\ts1cmr.fd"
File: ts1cmr.fd 2014/09/29 v2.5h Standard LaTeX font definitions
)
LaTeX Font Info:    ... okay on input line 86.
LaTeX Font Info:    Checking defaults for PD1/pdf/m/n on input line 86.
LaTeX Font Info:    ... okay on input line 86.
LaTeX Font Info:    Checking defaults for PU/pdf/m/n on input line 86.
LaTeX Font Info:    ... okay on input line 86.
LaTeX Font Info:    Try loading font information for T1+lmr on input line 86.

("C:\Program Files (x86)\MiKTeX 2.9\tex\latex\lm\t1lmr.fd"
File: t1lmr.fd 2009/10/30 v1.6 Font defs for Latin Modern
)
LaTeX Info: Redefining \microtypecontext on input line 86.
Package microtype Info: Generating PDF output.
Package microtype Info: Character protrusion enabled (level 2).
Package microtype Info: Using protrusion set `basicmath'.
Package microtype Info: Automatic font expansion enabled (level 2),
(microtype)             stretch: 20, shrink: 20, step: 1, non-selected.
Package microtype Info: Using default expansion set `basictext'.
Package microtype Info: No adjustment of tracking.
Package microtype Info: No adjustment of interword spacing.
Package microtype Info: No adjustment of character kerning.

("C:\Program Files (x86)\MiKTeX 2.9\tex\latex\microtype\mt-cmr.cfg"
File: mt-cmr.cfg 2013/05/19 v2.2 microtype config. file: Computer Modern Roman 
(RS)
)
*geometry* driver: auto-detecting
*geometry* detected driver: pdftex
*geometry* verbose mode - [ preamble ] result:
* driver: pdftex
* paper: <default>
* layout: <same size as paper>
* layoutoffset:(h,v)=(0.0pt,0.0pt)
* modes: 
* h-part:(L,W,R)=(72.26999pt, 469.75502pt, 72.26999pt)
* v-part:(T,H,B)=(72.26999pt, 650.43001pt, 72.26999pt)
* \paperwidth=614.295pt
* \paperheight=794.96999pt
* \textwidth=469.75502pt
* \textheight=650.43001pt
* \oddsidemargin=0.0pt
* \evensidemargin=0.0pt
* \topmargin=-37.0pt
* \headheight=12.0pt
* \headsep=25.0pt
* \topskip=10.0pt
* \footskip=30.0pt
* \marginparwidth=65.0pt
* \marginparsep=11.0pt
* \columnsep=10.0pt
* \skip\footins=9.0pt plus 4.0pt minus 2.0pt
* \hoffset=0.0pt
* \voffset=0.0pt
* \mag=1000
* \@twocolumnfalse
* \@twosidefalse
* \@mparswitchfalse
* \@reversemarginfalse
* (1in=72.27pt=25.4mm, 1cm=28.453pt)

\AtBeginShipoutBox=\box29
Package hyperref Info: Link coloring OFF on input line 86.
("C:\Program Files (x86)\MiKTeX 2.9\tex\latex\hyperref\nameref.sty"
Package: nameref 2016/05/21 v2.44 Cross-referencing by name of section

("C:\Program Files (x86)\MiKTeX 2.9\tex\generic\oberdiek\gettitlestring.sty"
Package: gettitlestring 2016/05/16 v1.5 Cleanup title references (HO)
)
\c@section@level=\count115
)
LaTeX Info: Redefining \ref on input line 86.
LaTeX Info: Redefining \pageref on input line 86.
LaTeX Info: Redefining \nameref on input line 86.
\@outlinefile=\write3
\openout3 = `input.out'.


("C:\Program Files (x86)\MiKTeX 2.9\tex\context\base\supp-pdf.mkii"
[Loading MPS to PDF converter (version 2006.09.02).]
\scratchcounter=\count116
\scratchdimen=\dimen127
\scratchbox=\box30
\nofMPsegments=\count117
\nofMParguments=\count118
\everyMPshowfont=\toks25
\MPscratchCnt=\count119
\MPscratchDim=\dimen128
\MPnumerator=\count120
\makeMPintoPDFobject=\count121
\everyMPtoPDFconversion=\toks26
) ("C:\Program Files (x86)\MiKTeX 2.9\tex\latex\oberdiek\epstopdf-base.sty"
Package: epstopdf-base 2016/05/15 v2.6 Base part for package epstopdf

("C:\Program Files (x86)\MiKTeX 2.9\tex\latex\oberdiek\grfext.sty"
Package: grfext 2016/05/16 v1.2 Manage graphics extensions (HO)
)
Package epstopdf-base Info: Redefining graphics rule for `.eps' on input line 4
38.
Package grfext Info: Graphics extension search list:
(grfext)             [.png,.pdf,.jpg,.mps,.jpeg,.jbig2,.jb2,.PNG,.PDF,.JPG,.JPE
G,.JBIG2,.JB2,.eps]
(grfext)             \AppendGraphicsExtensions on input line 456.
)
<cns_logo.png, id=3, 558.888pt x 317.988pt>
File: cns_logo.png Graphic file (type png)
 <use cns_logo.png>
Package pdftex.def Info: cns_logo.png used on input line 89.
(pdftex.def)             Requested size: 469.76118pt x 267.27791pt.
 [1

{C:/ProgramData/MiKTeX/2.9/pdftex/config/pdftex.map} <./cns_logo.png>]
<Tchia_Pathare_report_files/figure-latex/unnamed-chunk-3-1.pdf, id=13, 469.755p
t x 325.215pt>
File: Tchia_Pathare_report_files/figure-latex/unnamed-chunk-3-1.pdf Graphic fil
e (type pdf)

<use Tchia_Pathare_report_files/figure-latex/unnamed-chunk-3-1.pdf>
Package pdftex.def Info: Tchia_Pathare_report_files/figure-latex/unnamed-chunk-
3-1.pdf used on input line 93.
(pdftex.def)             Requested size: 469.75386pt x 325.2142pt.

<Tchia_Pathare_report_files/figure-latex/unnamed-chunk-4-1.pdf, id=14, 1084.05p
t x 1300.86pt>
File: Tchia_Pathare_report_files/figure-latex/unnamed-chunk-4-1.pdf Graphic fil
e (type pdf)

<use Tchia_Pathare_report_files/figure-latex/unnamed-chunk-4-1.pdf>
Package pdftex.def Info: Tchia_Pathare_report_files/figure-latex/unnamed-chunk-
4-1.pdf used on input line 98.
(pdftex.def)             Requested size: 469.75496pt x 563.70595pt.

Underfull \hbox (badness 10000) in paragraph at lines 98--103
[][]
 []

[2 <./Tchia_Pathare_report_files/figure-latex/unnamed-chunk-3-1.pdf>]
LaTeX Font Info:    Try loading font information for T1+lmtt on input line 104.


("C:\Program Files (x86)\MiKTeX 2.9\tex\latex\lm\t1lmtt.fd"
File: t1lmtt.fd 2009/10/30 v1.6 Font defs for Latin Modern
)
LaTeX Font Info:    Font shape `T1/lmtt/bx/n' in size <14.4> not available
(Font)              Font shape `T1/lmtt/b/n' tried instead on input line 104.
LaTeX Font Info:    Try loading font information for TS1+lmtt on input line 104
.

("C:\Program Files (x86)\MiKTeX 2.9\tex\latex\lm\ts1lmtt.fd"
File: ts1lmtt.fd 2009/10/30 v1.6 Font defs for Latin Modern
)
LaTeX Font Info:    Font shape `TS1/lmtt/bx/n' in size <14.4> not available
(Font)              Font shape `TS1/lmtt/b/n' tried instead on input line 104.
Missing character: There is no — in font ts1-lmtk10!
Missing character: There is no — in font ts1-lmtk10!

Underfull \hbox (badness 10000) in paragraph at lines 104--104
[][]\T1/lmtt/b/n/14.4 {r, results = \TS1/lmtt/b/n/14.4 '\T1/lmtt/b/n/14.4 asis\
TS1/lmtt/b/n/14.4 '\T1/lmtt/b/n/14.4 } # good <- paste("Here are some things
 []


Underfull \hbox (badness 10000) in paragraph at lines 104--104
\T1/lmtt/b/n/14.4 that", subgroup$first_name, "is doing well. Keep them up") #
 []


Overfull \hbox (127.48358pt too wide) in paragraph at lines 104--104
\T1/lmtt/b/n/14.4 # protein <- paste("##", "Protein") # protein_g <- paste(subg
roup$first_name_c,
 []


Overfull \hbox (21.64383pt too wide) in paragraph at lines 104--104
\T1/lmtt/b/n/14.4 "is getting enough protein. This is great because protein rep
airs
 []


Underfull \hbox (badness 10000) in paragraph at lines 104--104
\T1/lmtt/b/n/14.4 your builds and repairs body tissue and organs, especially
 []


Underfull \hbox (badness 10000) in paragraph at lines 104--104
\T1/lmtt/b/n/14.4 vital at this age. Proteins also form antibodies that help
 []


Underfull \hbox (badness 10000) in paragraph at lines 104--104
\T1/lmtt/b/n/14.4 prevent infection, illness, and disease. Good job at keeping"
,
 []


Overfull \hbox (172.84348pt too wide) in paragraph at lines 104--104
\T1/lmtt/b/n/14.4 subgroup$first_name, "healthy and safe!") # protein_b <- past
e(subgroup$first_name_c,
 []


Underfull \hbox (badness 10000) in paragraph at lines 104--104
\T1/lmtt/b/n/14.4 "needs to get more protein. Protein repairs your builds and
 []


Underfull \hbox (badness 10000) in paragraph at lines 104--104
\T1/lmtt/b/n/14.4 repairs body tissue and organs, especially vital at this age.

 []


Underfull \hbox (badness 10000) in paragraph at lines 104--104
\T1/lmtt/b/n/14.4 Proteins also form antibodies that help prevent infection,
 []


Overfull \hbox (6.52386pt too wide) in paragraph at lines 104--104
\T1/lmtt/b/n/14.4 illness, and disease. The following foods contain") # protein
_1
 []


Overfull \hbox (6.52386pt too wide) in paragraph at lines 104--104
\T1/lmtt/b/n/14.4 <- paste("*", "Dals and beans") # protein_2 <- paste("*", "Nu
ts
 []


Underfull \hbox (badness 10000) in paragraph at lines 104--104
\T1/lmtt/b/n/14.4 and seeds") # protein_3 <- paste("*", "Eggs and poultry") #
 []


Overfull \hbox (6.52386pt too wide) in paragraph at lines 104--104
\T1/lmtt/b/n/14.4 protein_4 <- paste("*", "Fish") #  #  #  # dairy <- paste("##
",
 []


Underfull \hbox (badness 10000) in paragraph at lines 104--104
\T1/lmtt/b/n/14.4 "Dairy") # dairy_g <- paste("Getting enough dairy is not a
 []


Overfull \hbox (29.20381pt too wide) in paragraph at lines 104--104
\T1/lmtt/b/n/14.4 problem for", subgroup$first_name_c, ". Dairy and dairy-conta
ining
 []


Underfull \hbox (badness 10000) in paragraph at lines 104--104
\T1/lmtt/b/n/14.4 foods contribute many essential nutrients. Calcium and Vitami
n
 []


Underfull \hbox (badness 10000) in paragraph at lines 104--104
\T1/lmtt/b/n/14.4 D, especially, are  most easily absorbed from dairy.Both thes
e
 []


Overfull \hbox (6.52386pt too wide) in paragraph at lines 104--104
\T1/lmtt/b/n/14.4 nutrients are important in ensuring that", subgroup$first_nam
e,
 []


Overfull \hbox (74.5637pt too wide) in paragraph at lines 104--104
\T1/lmtt/b/n/14.4 "has healthy bones and teeth") # dairy_b <- paste(subgroup$fi
rst_name_c,
 []


Underfull \hbox (badness 10000) in paragraph at lines 104--104
\T1/lmtt/b/n/14.4 "could do with some more dairy. Dairy and dairy-containing
 []


Underfull \hbox (badness 10000) in paragraph at lines 104--104
\T1/lmtt/b/n/14.4 foods contribute many essential nutrients. Calcium and Vitami
n
 []


Underfull \hbox (badness 10000) in paragraph at lines 104--104
\T1/lmtt/b/n/14.4 D, especially, are  most easily absorbed from dairy.Both thes
e
 []


Overfull \hbox (21.64383pt too wide) in paragraph at lines 104--104
\T1/lmtt/b/n/14.4 nutrients are important in ensuring that", subgroup$first_nam
e_c,
 []


Underfull \hbox (badness 10000) in paragraph at lines 104--104
\T1/lmtt/b/n/14.4 "has healthy bones and teeth. You could squeeze in a serving
 []


Underfull \hbox (badness 10000) in paragraph at lines 104--104
\T1/lmtt/b/n/14.4 as a snack in the evening, or a cup of yogurt post the evenin
g
 []


Overfull \hbox (29.20381pt too wide) in paragraph at lines 104--104
\T1/lmtt/b/n/14.4 play. Here are some other tips to increase", subgroup$his_and
_her,
 []


Underfull \hbox (badness 10000) in paragraph at lines 104--104
\T1/lmtt/b/n/14.4 "dairy intake:") # dairy_1 <- paste("*", "Add milk in homemad
e
 []


Overfull \hbox (6.52386pt too wide) in paragraph at lines 104--104
\T1/lmtt/b/n/14.4 puddings or fruit custards. You can control sugar with homema
de
 []


Underfull \hbox (badness 10000) in paragraph at lines 104--104
\T1/lmtt/b/n/14.4 stuff.") # dairy_2 <- paste("*", "Parathas with paneer") #
 []


Underfull \hbox (badness 10000) in paragraph at lines 104--104
\T1/lmtt/b/n/14.4 dairy_3 <- paste("*", "Cheese cubes with fruit can be a great

 []


Underfull \hbox (badness 10000) in paragraph at lines 104--104
\T1/lmtt/b/n/14.4 snack") # dairy_4 <- paste("*", "Smoothies and milkshakes are

 []


Underfull \hbox (badness 10000) in paragraph at lines 104--104
\T1/lmtt/b/n/14.4 good options as well") #  #  # fruit <- paste("##", "Fruits")

 []


Underfull \hbox (badness 10000) in paragraph at lines 104--104
\T1/lmtt/b/n/14.4 # fruit_g <- paste(subgroup$first_name_c, "is getting enough
 []


Underfull \hbox (badness 10000) in paragraph at lines 104--104
\T1/lmtt/b/n/14.4 fruit. Fruits give you sustainable energy, unlike sugar highs

 []


Overfull \hbox (44.32378pt too wide) in paragraph at lines 104--104
\T1/lmtt/b/n/14.4 that last a few hours or less. Fruits also have many micronut
rients.
 []


Underfull \hbox (badness 10000) in paragraph at lines 104--104
\T1/lmtt/b/n/14.4 For example, citrus fruits and strawberries are rich in immun
e
 []


Overfull \hbox (36.7638pt too wide) in paragraph at lines 104--104
\T1/lmtt/b/n/14.4 system-boosting vitamin C. Apples contain 16 different polyph
enols,
 []


Overfull \hbox (6.52386pt too wide) in paragraph at lines 104--104
\T1/lmtt/b/n/14.4 which are antioxidants with health-promoting properties. Eati
ng
 []


Underfull \hbox (badness 10000) in paragraph at lines 104--104
\T1/lmtt/b/n/14.4 fruits and vegetables in a rainbow of colors will provide a
 []


Overfull \hbox (44.32378pt too wide) in paragraph at lines 104--104
\T1/lmtt/b/n/14.4 wide range of nutrients that will help keep", subgroup$first_
name_c,
 []


Underfull \hbox (badness 10000) in paragraph at lines 104--104
\T1/lmtt/b/n/14.4 "healthy" ) # fruit_b <- paste("It would be great if you coul
d
 []


Overfull \hbox (14.08385pt too wide) in paragraph at lines 104--104
\T1/lmtt/b/n/14.4 include more fruits in", subgroup$first_name_c, "\TS1/lmtt/b/
n/14.4 '\T1/lmtt/b/n/14.4 s diet. Fruits
 []


Underfull \hbox (badness 10000) in paragraph at lines 104--104
\T1/lmtt/b/n/14.4 give you sustainable energy, unlike sugar highs that last a
 []


Underfull \hbox (badness 10000) in paragraph at lines 104--104
\T1/lmtt/b/n/14.4 few hours or less. Fruits also have many micronutrients. For
 []


Underfull \hbox (badness 10000) in paragraph at lines 104--104
\T1/lmtt/b/n/14.4 example, citrus fruits and strawberries are rich in immune
 []


Overfull \hbox (36.7638pt too wide) in paragraph at lines 104--104
\T1/lmtt/b/n/14.4 system-boosting vitamin C. Apples contain 16 different polyph
enols,
 []


Underfull \hbox (badness 10000) in paragraph at lines 104--104
\T1/lmtt/b/n/14.4 which are antioxidants with health-promoting properties.")
 []


Underfull \hbox (badness 10000) in paragraph at lines 104--104
\T1/lmtt/b/n/14.4 # fruit_1 <- paste("*", "Try food smoothies or milkshakes as
 []


Underfull \hbox (badness 10000) in paragraph at lines 104--104
\T1/lmtt/b/n/14.4 snacks" ) # fruit_2 <- paste("*", "Add fruits to salads which

 []


Overfull \hbox (29.20381pt too wide) in paragraph at lines 104--104
\T1/lmtt/b/n/14.4 will make salad colourful and appealing" ) # fruit_3 <- paste
("*",
 []


Underfull \hbox (badness 10000) in paragraph at lines 104--104
\T1/lmtt/b/n/14.4 "Maybe add fruit to yogurt") # fruit_4 <- paste("*", "You can

 []


Underfull \hbox (badness 10000) in paragraph at lines 104--104
\T1/lmtt/b/n/14.4 sprinkle chaat masala on fruits to improve how they taste"
 []


Underfull \hbox (badness 10000) in paragraph at lines 104--104
\T1/lmtt/b/n/14.4 ) # fruit_5 <- paste("*", "Fruits can be added to cereal or
 []


Overfull \hbox (44.32378pt too wide) in paragraph at lines 104--104
\T1/lmtt/b/n/14.4 porridge and to pancakes" ) #  #  # veg <- paste("##", "Veget
ables")
 []


Overfull \hbox (29.20381pt too wide) in paragraph at lines 104--104
\T1/lmtt/b/n/14.4 # veg_g <- paste("Good job!", subgroup$first_name_c, "is gett
ing",
 []


Overfull \hbox (6.52386pt too wide) in paragraph at lines 104--104
\T1/lmtt/b/n/14.4 subgroup$his_and_her, "share of vegetables. They have nutrien
ts
 []


Underfull \hbox (badness 10000) in paragraph at lines 104--104
\T1/lmtt/b/n/14.4 that can boost immunity and keep ailments like a common cold
 []


Overfull \hbox (51.88376pt too wide) in paragraph at lines 104--104
\T1/lmtt/b/n/14.4 and flu at bay. It\TS1/lmtt/b/n/14.4 '\T1/lmtt/b/n/14.4 s esp
ecially important that", subgroup$first_name,
 []


Underfull \hbox (badness 10000) in paragraph at lines 104--104
\T1/lmtt/b/n/14.4 "is eating vegetables at this early age because food tastes
 []


Underfull \hbox (badness 10000) in paragraph at lines 104--104
\T1/lmtt/b/n/14.4 are formed young. Eating vegetables in a rainbow of colors
 []


Underfull \hbox (badness 10000) in paragraph at lines 104--104
\T1/lmtt/b/n/14.4 will provide a wide range of nutrients that will help keep",
 []


Overfull \hbox (67.00372pt too wide) in paragraph at lines 104--104
\T1/lmtt/b/n/14.4 subgroup$first_name, "healthy") # veg_b <- paste(subgroup$fir
st_name_c,
 []


Overfull \hbox (14.08385pt too wide) in paragraph at lines 104--104
\T1/lmtt/b/n/14.4 "could do with more vegetables in", subgroup$his_and_her, "di
et.
 []


Underfull \hbox (badness 10000) in paragraph at lines 104--104
\T1/lmtt/b/n/14.4 They have nutrients that can boost immunity and keep ailments

 []


Underfull \hbox (badness 10000) in paragraph at lines 104--104
\T1/lmtt/b/n/14.4 like a common cold and flu at bay. It\TS1/lmtt/b/n/14.4 '\T1/
lmtt/b/n/14.4 s especially important
 []


Overfull \hbox (6.52386pt too wide) in paragraph at lines 104--104
\T1/lmtt/b/n/14.4 that", subgroup$first_name, "is eating vegetables at this ear
ly
 []


Underfull \hbox (badness 10000) in paragraph at lines 104--104
\T1/lmtt/b/n/14.4 age because food tastes are formed young. Eating vegetables
 []


Underfull \hbox (badness 10000) in paragraph at lines 104--104
\T1/lmtt/b/n/14.4 in a rainbow of colors will provide a wide range of nutrients

 []


Underfull \hbox (badness 10000) in paragraph at lines 104--104
\T1/lmtt/b/n/14.4 that will help keep", subgroup$first_name, "healthy") # veg_1

 []


Underfull \hbox (badness 10000) in paragraph at lines 104--104
\T1/lmtt/b/n/14.4 <- paste("*", "Include vegetables in almost all foods (finely

 []


Underfull \hbox (badness 10000) in paragraph at lines 104--104
\T1/lmtt/b/n/14.4 chopped if necessary)") # veg_2 <- paste("*", "Offer vegetabl
e
 []


Underfull \hbox (badness 10000) in paragraph at lines 104--104
\T1/lmtt/b/n/14.4 sticks like cucumber and carrots with curd dips or hummus") #

 []


Underfull \hbox (badness 10000) in paragraph at lines 104--104
\T1/lmtt/b/n/14.4 veg_3 <- paste("*", "Add slices of cucumber, capsicum, grated

 []


Underfull \hbox (badness 10000) in paragraph at lines 104--104
\T1/lmtt/b/n/14.4 carrot and lettuce to sandwiches") # veg_4 <- paste("*", "Use

 []


Underfull \hbox (badness 10000) in paragraph at lines 104--104
\T1/lmtt/b/n/14.4 pureed or grated vegetables in pasta sauces or soups") # veg_
5
 []


Underfull \hbox (badness 10000) in paragraph at lines 104--104
\T1/lmtt/b/n/14.4 <- paste("*", "Include them in parathas (even aloo parathas
 []


Overfull \hbox (6.52386pt too wide) in paragraph at lines 104--104
\T1/lmtt/b/n/14.4 can have other mashed vegetables)") # veg_6 <- paste("*", "Ke
ep
 []


Underfull \hbox (badness 10000) in paragraph at lines 104--104
\T1/lmtt/b/n/14.4 trying. It takes almost 10 times before children warm up to
 []


Underfull \hbox (badness 10000) in paragraph at lines 104--104
\T1/lmtt/b/n/14.4 a particular food") #  #  #  #  # junk <- paste("##", "Junk
 []


Underfull \hbox (badness 10000) in paragraph at lines 104--104
\T1/lmtt/b/n/14.4 Food") # junk_g <- paste("Unlike most kids, you are keeping",

 []


Overfull \hbox (14.08385pt too wide) in paragraph at lines 104--104
\T1/lmtt/b/n/14.4 subgroup$first_name_c, "\TS1/lmtt/b/n/14.4 '\T1/lmtt/b/n/14.4
 s fried and sugary intake to a minimum.
 []


Underfull \hbox (badness 10000) in paragraph at lines 104--104
\T1/lmtt/b/n/14.4 Good job! Apart from promoting obesity and cardiac disease,
 []


Underfull \hbox (badness 10000) in paragraph at lines 104--104
\T1/lmtt/b/n/14.4 sugar can have a harmful effect on academic performace. In
 []


Underfull \hbox (badness 10000) in paragraph at lines 104--104
\T1/lmtt/b/n/14.4 an interesting study researchers fed normal preschoolers a
 []


Underfull \hbox (badness 10000) in paragraph at lines 104--104
\T1/lmtt/b/n/14.4 high-sugar drink containing the amount of sugar in the averag
e
 []


Underfull \hbox (badness 10000) in paragraph at lines 104--104
\T1/lmtt/b/n/14.4 can of soda and compared them with children who received a
 []


Overfull \hbox (6.52386pt too wide) in paragraph at lines 104--104
\T1/lmtt/b/n/14.4 non-sugar drink. The sugar group experienced decreased learni
ng
 []


Underfull \hbox (badness 10000) in paragraph at lines 104--104
\T1/lmtt/b/n/14.4 performance and more hyperactivity than the non-sugar group."
)
 []


Overfull \hbox (119.9236pt too wide) in paragraph at lines 104--104
\T1/lmtt/b/n/14.4 # junk_b <- paste(subgroup$first_name_c, "could reduce", subg
roup$his_and_her,
 []


Underfull \hbox (badness 10000) in paragraph at lines 104--104
\T1/lmtt/b/n/14.4 "consumption of sweet and/or fried food. Apart from promoting

 []


Underfull \hbox (badness 10000) in paragraph at lines 104--104
\T1/lmtt/b/n/14.4 obesity and cardiac disease, sugar can have a harmful effect
 []


Underfull \hbox (badness 10000) in paragraph at lines 104--104
\T1/lmtt/b/n/14.4 on academic performace. In an interesting study, researchers
 []


Overfull \hbox (14.08385pt too wide) in paragraph at lines 104--104
\T1/lmtt/b/n/14.4 fed normal preschoolers a high-sugar drink containing the amo
unt
 []


Underfull \hbox (badness 10000) in paragraph at lines 104--104
\T1/lmtt/b/n/14.4 of sugar in the average can of soda and compared them with
 []


Overfull \hbox (44.32378pt too wide) in paragraph at lines 104--104
\T1/lmtt/b/n/14.4 children who received a non-sugar drink. The sugar group expe
rienced
 []


Underfull \hbox (badness 10000) in paragraph at lines 104--104
\T1/lmtt/b/n/14.4 decreased learning performance and more hyperactivity than
 []


Underfull \hbox (badness 10000) in paragraph at lines 104--104
\T1/lmtt/b/n/14.4 the non-sugar group. Here are some strateges for how to do
 []


Underfull \hbox (badness 10000) in paragraph at lines 104--104
\T1/lmtt/b/n/14.4 that") # junk_1 <- paste( "*", "Parents - lead by example. If

 []


Underfull \hbox (badness 10000) in paragraph at lines 104--104
\T1/lmtt/b/n/14.4 children see you snacking on sweet foods and drinks they will

 []


Underfull \hbox (badness 10000) in paragraph at lines 104--104
\T1/lmtt/b/n/14.4 follow you") # junk_2 <- paste( "*", " Set a specific day and

 []


Underfull \hbox (badness 10000) in paragraph at lines 104--104
\T1/lmtt/b/n/14.4 mealtime for dessert") # junk_3 <- paste( "*", "Offer sweet
 []


Underfull \hbox (badness 10000) in paragraph at lines 104--104
\T1/lmtt/b/n/14.4 fruits or dried fruits as snacks") # junk_4 <- paste( "*",
 []


Underfull \hbox (badness 10000) in paragraph at lines 104--104
\T1/lmtt/b/n/14.4 "Buy plain yogurt instead of the flavoured one and sweeten it

 []


Underfull \hbox (badness 10000) in paragraph at lines 104--104
\T1/lmtt/b/n/14.4 with dried fruits or berries to enhance the taste") # junk_5
 []


Underfull \hbox (badness 10000) in paragraph at lines 104--104
\T1/lmtt/b/n/14.4 <- paste( "*", "Stock your home with healthy snacking options

 []


Underfull \hbox (badness 10000) in paragraph at lines 104--104
\T1/lmtt/b/n/14.4 like dried fruits, nuts, fruits and vegetables with dips like

 []


Overfull \hbox (21.64383pt too wide) in paragraph at lines 104--104
\T1/lmtt/b/n/14.4 hummus and curd dips etc") # junk_6 <- paste("*", "Cook healt
hier
 []


Underfull \hbox (badness 10000) in paragraph at lines 104--104
\T1/lmtt/b/n/14.4 alternatives of junk food eg baked fries instead of frying
 []


Overfull \hbox (6.52386pt too wide) in paragraph at lines 104--104
\T1/lmtt/b/n/14.4 them, homemade pizzas with the healthy base and sauce, homema
de
 []


Underfull \hbox (badness 10000) in paragraph at lines 104--104
\T1/lmtt/b/n/14.4 burgers, whole wheat pastas, etc ") #  #  #  #  #  # exercise

 []


Overfull \hbox (67.00372pt too wide) in paragraph at lines 104--104
\T1/lmtt/b/n/14.4 <- paste("##", "Exercise") # exercise_g <- paste(subgroup$fir
st_name_c,
 []


Overfull \hbox (21.64383pt too wide) in paragraph at lines 104--104
\T1/lmtt/b/n/14.4 "seems to be getting enough physical activity. This is especi
ally
 []


Underfull \hbox (badness 10000) in paragraph at lines 104--104
\T1/lmtt/b/n/14.4 important at a young age because physical (body) and cognitiv
e
 []


Underfull \hbox (badness 10000) in paragraph at lines 104--104
\T1/lmtt/b/n/14.4 (brain) development go hand-in-hand. While this continues for

 []


Underfull \hbox (badness 10000) in paragraph at lines 104--104
\T1/lmtt/b/n/14.4 life, this relationship is most critical at a young age. When

 []


Underfull \hbox (badness 10000) in paragraph at lines 104--104
\T1/lmtt/b/n/14.4 kids are active, their brain develops, allowing for new types

 []


Underfull \hbox (badness 10000) in paragraph at lines 104--104
\T1/lmtt/b/n/14.4 of activity. Frequent physical activity has been associated
 []


Underfull \hbox (badness 10000) in paragraph at lines 104--104
\T1/lmtt/b/n/14.4 with improved behavior in the classroom and beyond. Aerobic
 []


Overfull \hbox (6.52386pt too wide) in paragraph at lines 104--104
\T1/lmtt/b/n/14.4 activity has been shown to increase the size of essential bra
in
 []


Underfull \hbox (badness 10000) in paragraph at lines 104--104
\T1/lmtt/b/n/14.4 structures and number of neural connections.") # exercise_b
 []


Underfull \hbox (badness 10000) in paragraph at lines 104--104
\T1/lmtt/b/n/14.4 <- paste("Getting more  physical activity would be good for",

 []


Overfull \hbox (6.52386pt too wide) in paragraph at lines 104--104
\T1/lmtt/b/n/14.4 subgroup$first_name_c, "This is especially important at a you
ng
 []


Underfull \hbox (badness 10000) in paragraph at lines 104--104
\T1/lmtt/b/n/14.4 age because physical (body) and cognitive (brain) development

 []


Overfull \hbox (21.64383pt too wide) in paragraph at lines 104--104
\T1/lmtt/b/n/14.4 go hand-in-hand. While this continues for life, this relation
ship
 []


Underfull \hbox (badness 10000) in paragraph at lines 104--104
\T1/lmtt/b/n/14.4 is most critical at a young age. When kids are active, their
 []


Underfull \hbox (badness 10000) in paragraph at lines 104--104
\T1/lmtt/b/n/14.4 brain develops, allowing for new types of activity. Frequent
 []


Underfull \hbox (badness 10000) in paragraph at lines 104--104
\T1/lmtt/b/n/14.4 physical activity has been associated with improved behavior
 []


Underfull \hbox (badness 10000) in paragraph at lines 104--104
\T1/lmtt/b/n/14.4 in the classroom and beyond. Aerobic activity has been shown
 []


Underfull \hbox (badness 10000) in paragraph at lines 104--104
\T1/lmtt/b/n/14.4 to increase the size of essential brain structures and number

 []


Underfull \hbox (badness 10000) in paragraph at lines 104--104
\T1/lmtt/b/n/14.4 of neural connections. Here are a few things you could do to
 []


Underfull \hbox (badness 10000) in paragraph at lines 104--104
\T1/lmtt/b/n/14.4 encourage more physical activty.") # ex_1 <- paste("*", "Most

 []


Underfull \hbox (badness 10000) in paragraph at lines 104--104
\T1/lmtt/b/n/14.4 importantly be a role good model. If children see you being
 []


Underfull \hbox (badness 10000) in paragraph at lines 104--104
\T1/lmtt/b/n/14.4 active they will follow suit. ") # ex_2 <- paste("*", "You
 []


Underfull \hbox (badness 10000) in paragraph at lines 104--104
\T1/lmtt/b/n/14.4 could initiate forming a play group with other children") #
 []


Overfull \hbox (6.52386pt too wide) in paragraph at lines 104--104
\T1/lmtt/b/n/14.4 ex_3 <- paste("*", "Walk short distances with the child inste
ad
 []


Underfull \hbox (badness 10000) in paragraph at lines 104--104
\T1/lmtt/b/n/14.4 of taking a vehicle") # ex_4 <- paste("*", "Decrease screen
 []


Underfull \hbox (badness 10000) in paragraph at lines 104--104
\T1/lmtt/b/n/14.4 time as hand held devices, computers and mobile phones for a
 []


Overfull \hbox (36.7638pt too wide) in paragraph at lines 104--104
\T1/lmtt/b/n/14.4 few hours may reduce active play time") #  # screens <- paste
("##",
 []


Underfull \hbox (badness 10000) in paragraph at lines 104--104
\T1/lmtt/b/n/14.4 "Screen Time") # screen_g <- paste(subgroup$first_name_c, "is

 []


Overfull \hbox (29.20381pt too wide) in paragraph at lines 104--104
\T1/lmtt/b/n/14.4 a rare gem. The majority of kids spend hours on screens. Exce
ssive
 []


Underfull \hbox (badness 10000) in paragraph at lines 104--104
\T1/lmtt/b/n/14.4 screen time at a young age can be harmful in many ways. For
 []


Underfull \hbox (badness 10000) in paragraph at lines 104--104
\T1/lmtt/b/n/14.4 example, tablets are the ultimate shortcut tools. Unlike a
 []


Overfull \hbox (21.64383pt too wide) in paragraph at lines 104--104
\T1/lmtt/b/n/14.4 mother reading a story to a child, for example, a smartphone-
told
 []


Underfull \hbox (badness 10000) in paragraph at lines 104--104
\T1/lmtt/b/n/14.4 story spoon-feeds images, words, and pictures all at once to 
a
 []


Underfull \hbox (badness 10000) in paragraph at lines 104--104
\T1/lmtt/b/n/14.4 young reader. Rather than having to take the time to process
 []


Underfull \hbox (badness 10000) in paragraph at lines 104--104
\T1/lmtt/b/n/14.4 a motherâ\U/eurosym/bx/n/14.4 e\T1/lmtt/b/n/14.4 s voice into
 words, visualize complete pictures
 []


Underfull \hbox (badness 10000) in paragraph at lines 104--104
\T1/lmtt/b/n/14.4 and exert a mental effort to follow a story line, kids who
 []


Underfull \hbox (badness 10000) in paragraph at lines 104--104
\T1/lmtt/b/n/14.4 follow stories on their smartphones get lazy. The device does

 []


Underfull \hbox (badness 10000) in paragraph at lines 104--104
\T1/lmtt/b/n/14.4 the thinking for them, and as a result, their own cognitive
 []


Underfull \hbox (badness 10000) in paragraph at lines 104--104
\T1/lmtt/b/n/14.4 muscles remain weak.") # screen_b <- paste("It would be good
 []


Underfull \hbox (badness 10000) in paragraph at lines 104--104
\T1/lmtt/b/n/14.4 for", subgroup$first_name_c, "to spend less time on screens.
 []


Underfull \hbox (badness 10000) in paragraph at lines 104--104
\T1/lmtt/b/n/14.4 Excessive screen time at a young age can be harmful in many
 []


Underfull \hbox (badness 10000) in paragraph at lines 104--104
\T1/lmtt/b/n/14.4 ways. For example, tablets are the ultimate shortcut tools.
 []


Underfull \hbox (badness 10000) in paragraph at lines 104--104
\T1/lmtt/b/n/14.4 Unlike a mother reading a story to a child, for example, a
 []


Underfull \hbox (badness 10000) in paragraph at lines 104--104
\T1/lmtt/b/n/14.4 smartphone-told story spoon-feeds images, words, and pictures

 []


Underfull \hbox (badness 10000) in paragraph at lines 104--104
\T1/lmtt/b/n/14.4 all at once to a young reader. Rather than having to take the

 []


Overfull \hbox (16.85118pt too wide) in paragraph at lines 104--104
\T1/lmtt/b/n/14.4 time to process a motherâ\U/eurosym/bx/n/14.4 e\T1/lmtt/b/n/1
4.4 s voice into words, visualize complete
 []


Underfull \hbox (badness 10000) in paragraph at lines 104--104
\T1/lmtt/b/n/14.4 pictures and exert a mental effort to follow a story line,
 []


Underfull \hbox (badness 10000) in paragraph at lines 104--104
\T1/lmtt/b/n/14.4 kids who follow stories on their smartphones get lazy. The
 []


Underfull \hbox (badness 10000) in paragraph at lines 104--104
\T1/lmtt/b/n/14.4 device does the thinking for them, and as a result, their own

 []


Underfull \hbox (badness 10000) in paragraph at lines 104--104
\T1/lmtt/b/n/14.4 cognitive muscles remain weak.") # screen_1 <- paste("*", "Yo
u
 []


Overfull \hbox (89.68367pt too wide) in paragraph at lines 104--104
\T1/lmtt/b/n/14.4 could replace time spent on screen by encouraging", subgroup$
first_name_c,
 []


Overfull \hbox (29.20381pt too wide) in paragraph at lines 104--104
\T1/lmtt/b/n/14.4 "to spend more time playing. Maybe join a sports class or gro
up?")
 []


Overfull \hbox (82.12369pt too wide) in paragraph at lines 104--104
\T1/lmtt/b/n/14.4 #  # water <- paste("## Water") # water_g <- paste(subgroup$f
irst_name_c,
 []


Overfull \hbox (14.08385pt too wide) in paragraph at lines 104--104
\T1/lmtt/b/n/14.4 "is getting enough water. Let this continue as kids don\TS1/l
mtt/b/n/14.4 '\T1/lmtt/b/n/14.4 t always
 []


Overfull \hbox (59.44374pt too wide) in paragraph at lines 104--104
\T1/lmtt/b/n/14.4 recognise the early stages of thirst, which can make them par
ticularly
 []


Underfull \hbox (badness 10000) in paragraph at lines 104--104
\T1/lmtt/b/n/14.4 vulnerable to becoming dehydrated, especially during times
 []


Underfull \hbox (badness 10000) in paragraph at lines 104--104
\T1/lmtt/b/n/14.4 that can drive up their body fluid losses, for example when
 []


Underfull \hbox (badness 10000) in paragraph at lines 104--104
\T1/lmtt/b/n/14.4 they are playing sport or during warm weather. Dehydration,
 []


Underfull \hbox (badness 10000) in paragraph at lines 104--104
\T1/lmtt/b/n/14.4 even if only mild, can cause tiredness, headaches, lack of
 []


Underfull \hbox (badness 10000) in paragraph at lines 104--104
\T1/lmtt/b/n/14.4 concentration, reduced mental performance and dry skin.") #
 []


Underfull \hbox (badness 10000) in paragraph at lines 104--104
\T1/lmtt/b/n/14.4 water_b <- paste(subgroup$first_name_c, "is not getting enoug
h
 []


Underfull \hbox (badness 10000) in paragraph at lines 104--104
\T1/lmtt/b/n/14.4 water. Kids don\TS1/lmtt/b/n/14.4 '\T1/lmtt/b/n/14.4 t always
 recognise the early stages of thirst,
 []


Overfull \hbox (36.7638pt too wide) in paragraph at lines 104--104
\T1/lmtt/b/n/14.4 which can make them particularly vulnerable to becoming dehyd
rated,
 []


Underfull \hbox (badness 10000) in paragraph at lines 104--104
\T1/lmtt/b/n/14.4 especially during times that can drive up their body fluid
 []


Underfull \hbox (badness 10000) in paragraph at lines 104--104
\T1/lmtt/b/n/14.4 losses, for example when they are playing sport or during war
m
 []


Underfull \hbox (badness 10000) in paragraph at lines 104--104
\T1/lmtt/b/n/14.4 weather. Dehydration, even if only mild, can cause tiredness,

 []


Underfull \hbox (badness 10000) in paragraph at lines 104--104
\T1/lmtt/b/n/14.4 headaches, lack of concentration, reduced mental performance
 []


Underfull \hbox (badness 10000) in paragraph at lines 104--104
\T1/lmtt/b/n/14.4 and dry skin.  Here are a couple things you can try to make",

 []


Overfull \hbox (29.20381pt too wide) in paragraph at lines 104--104
\T1/lmtt/b/n/14.4 subgroup$first_name_c, "drink more water") # water_1 <- paste
("*",
 []


Underfull \hbox (badness 10000) in paragraph at lines 104--104
\T1/lmtt/b/n/14.4 "Diluting a fresh juice with some water is an option if the
 []


Underfull \hbox (badness 10000) in paragraph at lines 104--104
\T1/lmtt/b/n/14.4 child is not willing to drink water voluntarily") # water_2 <
-
 []


Underfull \hbox (badness 10000) in paragraph at lines 104--104
\T1/lmtt/b/n/14.4 paste("*", "Actively encourage them to drink more and lead by

 []


Underfull \hbox (badness 10000) in paragraph at lines 104--104
\T1/lmtt/b/n/14.4 example") #  #    # cat("#", "Things You\TS1/lmtt/b/n/14.4 '\
T1/lmtt/b/n/14.4 re Doing Well", "\n")
 []


Underfull \hbox (badness 10000) in paragraph at lines 104--104
\T1/lmtt/b/n/14.4 #  #  # cat("\n") # cat("\n") #  # if(subgroup$protein_total_
p
 []


Overfull \hbox (67.00372pt too wide) in paragraph at lines 104--104
\T1/lmtt/b/n/14.4 == 10){ #   cat(protein) #   cat("\n") #   cat("\n") #   cat(
protein_g)
 []


Underfull \hbox (badness 10000) in paragraph at lines 104--104
\T1/lmtt/b/n/14.4 #   cat("\n") #   cat("\n") # } #  # if(subgroup$dairy_total_
p
 []


Underfull \hbox (badness 10000) in paragraph at lines 104--104
\T1/lmtt/b/n/14.4 == 10){ #   cat(dairy) #   cat("![](dairy.jpg)") #   cat("\n"
)
 []


Underfull \hbox (badness 10000) in paragraph at lines 104--104
\T1/lmtt/b/n/14.4 #   cat("\n") #   cat(dairy_g) #   cat("\n") #   cat("\n") # 
}
 []


Overfull \hbox (127.48358pt too wide) in paragraph at lines 104--104
\T1/lmtt/b/n/14.4 #  # if(subgroup$vegetables_p == 4){ #   cat(veg) #   cat("![
](vegetable.jpg)")
 []


Underfull \hbox (badness 10000) in paragraph at lines 104--104
\T1/lmtt/b/n/14.4 #   cat("\n") #   cat("\n") #   cat(veg_g) #   cat("\n") #
 []


Overfull \hbox (14.08385pt too wide) in paragraph at lines 104--104
\T1/lmtt/b/n/14.4 cat("\n") # } #  #  # if(subgroup$fruits_p == 4){ #   cat(fru
it)
 []


Overfull \hbox (59.44374pt too wide) in paragraph at lines 104--104
\T1/lmtt/b/n/14.4 #   cat("![](fruit.jpg)") #   cat("\n") #   cat("\n") #   cat
(fruit_g)
 []


Underfull \hbox (badness 10000) in paragraph at lines 104--104
\T1/lmtt/b/n/14.4 #   cat("\n") #   cat("\n") # } #  #  # if(subgroup$healthy_p

 []


Underfull \hbox (badness 10000) in paragraph at lines 104--104
\T1/lmtt/b/n/14.4 == 8){ #   cat(junk) #   cat("![](sugar.png)") #   cat("\n")
 []


Underfull \hbox (badness 10000) in paragraph at lines 104--104
\T1/lmtt/b/n/14.4 #   cat("\n") #   cat(junk_g) #   cat("\n") #   cat("\n") #
 []


Underfull \hbox (badness 10000) in paragraph at lines 104--104
\T1/lmtt/b/n/14.4 } #  #  # if(subgroup$excercise_p == 4){ #   cat(exercise) #
 []


Underfull \hbox (badness 10000) in paragraph at lines 104--104
\T1/lmtt/b/n/14.4 cat("\n") #   cat("\n") #   cat(exercise_g) #   cat("\n") #
 []


Overfull \hbox (6.52386pt too wide) in paragraph at lines 104--104
\T1/lmtt/b/n/14.4 cat("\n") # } #  # if(subgroup$screen_p == 4){ #   cat(screen
s)
 []


Underfull \hbox (badness 10000) in paragraph at lines 104--104
\T1/lmtt/b/n/14.4 #   cat("\n") #   cat("\n") #   cat(screen_g) #   cat("\n") #

 []


Overfull \hbox (29.20381pt too wide) in paragraph at lines 104--104
\T1/lmtt/b/n/14.4 cat("\n") # } #  #  #  # if(subgroup$water_p == 4){ #   cat(w
ater)
 []


Underfull \hbox (badness 10000) in paragraph at lines 104--104
\T1/lmtt/b/n/14.4 #   cat("\n") #   cat("\n") #   cat(water_g) #   cat("\n") #
 []

[3